-------------------------------------------------------------------------------
Test set: com.example.helloworld.controller.HelloWorldControllerTest
-------------------------------------------------------------------------------
Tests run: 1, Failures: 1, Errors: 0, Skipped: 0, Time elapsed: 0.196 s <<< FAILURE! - in com.example.helloworld.controller.HelloWorldControllerTest
shouldReturnExpectedMessage  Time elapsed: 0.027 s  <<< FAILURE!
java.lang.AssertionError: Response content expected:<Hello, World!> but was:<Hello, World! Team. Happpy weekend and Happy devops!...>
	at com.example.helloworld.controller.HelloWorldControllerTest.shouldReturnExpectedMessage(HelloWorldControllerTest.java:25)

