<?xml version="1.0" encoding="UTF-8"?>
<testsuite xmlns:xsi="http://www.w3.org/2001/XMLSchema-instance" xsi:noNamespaceSchemaLocation="https://maven.apache.org/surefire/maven-surefire-plugin/xsd/surefire-test-report.xsd" name="com.example.helloworld.controller.HelloWorldControllerTest" time="0.196" tests="1" errors="0" skipped="0" failures="1">
  <properties>
[...]
</properties>
  <testcase name="shouldReturnExpectedMessage" classname="com.example.helloworld.controller.HelloWorldControllerTest" time="0.027">
    <failure message="Response content expected:&lt;Hello, World!&gt; but was:&lt;Hello, World! Team. Happpy weekend and Happy devops!...&gt;" type="java.lang.AssertionError"><![CDATA[java.lang.AssertionError: Response content expected:<Hello, World!> but was:<Hello, World! Team. Happpy weekend and Happy devops!...>
	at com.example.helloworld.controller.HelloWorldControllerTest.shouldReturnExpectedMessage(HelloWorldControllerTest.java:25)
]]></failure>
    <system-out><![CDATA[2023-01-20 07:55:41.892  INFO 9183 --- [           main] .b.t.c.SpringBootTestContextBootstrapper : Neither @ContextConfiguration nor @ContextHierarchy found for test class [com.example.helloworld.controller.HelloWorldControllerTest], using SpringBootContextLoader
2023-01-20 07:55:41.892  INFO 9183 --- [           main] o.s.t.c.support.AbstractContextLoader    : Could not detect default resource locations for test class [com.example.helloworld.controller.HelloWorldControllerTest]: no resource found for suffixes {-context.xml, Context.groovy}.
2023-01-20 07:55:41.892  INFO 9183 --- [           main] t.c.s.AnnotationConfigContextLoaderUtils : Could not detect default configuration classes for test class [com.example.helloworld.controller.HelloWorldControllerTest]: HelloWorldControllerTest does not declare any static, non-private, non-final, nested classes annotated with @Configuration.
2023-01-20 07:55:41.899  INFO 9183 --- [           main] .b.t.c.SpringBootTestContextBootstrapper : Found @SpringBootConfiguration com.example.helloworld.HelloWorldApplication for test class com.example.helloworld.controller.HelloWorldControllerTest
2023-01-20 07:55:41.900  INFO 9183 --- [           main] .b.t.c.SpringBootTestContextBootstrapper : Loaded default TestExecutionListener class names from location [META-INF/spring.factories]: [org.springframework.boot.test.mock.mockito.MockitoTestExecutionListener, org.springframework.boot.test.mock.mockito.ResetMocksTestExecutionListener, org.springframework.boot.test.autoconfigure.restdocs.RestDocsTestExecutionListener, org.springframework.boot.test.autoconfigure.web.client.MockRestServiceServerResetTestExecutionListener, org.springframework.boot.test.autoconfigure.web.servlet.MockMvcPrintOnlyOnFailureTestExecutionListener, org.springframework.boot.test.autoconfigure.web.servlet.WebDriverTestExecutionListener, org.springframework.boot.test.autoconfigure.webservices.client.MockWebServiceServerTestExecutionListener, org.springframework.test.context.web.ServletTestExecutionListener, org.springframework.test.context.support.DirtiesContextBeforeModesTestExecutionListener, org.springframework.test.context.event.ApplicationEventsTestExecutionListener, org.springframework.test.context.support.DependencyInjectionTestExecutionListener, org.springframework.test.context.support.DirtiesContextTestExecutionListener, org.springframework.test.context.transaction.TransactionalTestExecutionListener, org.springframework.test.context.jdbc.SqlScriptsTestExecutionListener, org.springframework.test.context.event.EventPublishingTestExecutionListener]
2023-01-20 07:55:41.900  INFO 9183 --- [           main] .b.t.c.SpringBootTestContextBootstrapper : Using TestExecutionListeners: [org.springframework.test.context.web.ServletTestExecutionListener@319642db, org.springframework.test.context.support.DirtiesContextBeforeModesTestExecutionListener@59498d94, org.springframework.test.context.event.ApplicationEventsTestExecutionListener@35bfa1bb, org.springframework.boot.test.mock.mockito.MockitoTestExecutionListener@6b321262, org.springframework.boot.test.autoconfigure.SpringBootDependencyInjectionTestExecutionListener@68b11545, org.springframework.test.context.support.DirtiesContextTestExecutionListener@7d0100ea, org.springframework.test.context.event.EventPublishingTestExecutionListener@357bc488, org.springframework.boot.test.mock.mockito.ResetMocksTestExecutionListener@4ea17147, org.springframework.boot.test.autoconfigure.restdocs.RestDocsTestExecutionListener@2eda4eeb, org.springframework.boot.test.autoconfigure.web.client.MockRestServiceServerResetTestExecutionListener@5ba90d8a, org.springframework.boot.test.autoconfigure.web.servlet.MockMvcPrintOnlyOnFailureTestExecutionListener@309dcdf3, org.springframework.boot.test.autoconfigure.web.servlet.WebDriverTestExecutionListener@7573b9ee, org.springframework.boot.test.autoconfigure.webservices.client.MockWebServiceServerTestExecutionListener@9a20cbd]

  .   ____          _            __ _ _
 /\\ / ___'_ __ _ _(_)_ __  __ _ \ \ \ \
( ( )\___ | '_ | '_| | '_ \/ _` | \ \ \ \
 \\/  ___)| |_)| | | | | || (_| |  ) ) ) )
  '  |____| .__|_| |_|_| |_\__, | / / / /
 =========|_|==============|___/=/_/_/_/
 :: Spring Boot ::                (v2.7.6)

2023-01-20 07:55:41.913  INFO 9183 --- [           main] c.e.h.c.HelloWorldControllerTest         : Starting HelloWorldControllerTest using Java 19 on Sreenivass-MacBook-Pro.local with PID 9183 (started by sreenivaskaranam in /Users/sreenivaskaranam/Documents/mvn/spb-v2/spring-boot-hello-world)
2023-01-20 07:55:41.913  INFO 9183 --- [           main] c.e.h.c.HelloWorldControllerTest         : No active profile set, falling back to 1 default profile: "default"
2023-01-20 07:55:42.063  INFO 9183 --- [           main] o.s.b.t.m.w.SpringBootMockServletContext : Initializing Spring TestDispatcherServlet ''
2023-01-20 07:55:42.063  INFO 9183 --- [           main] o.s.t.web.servlet.TestDispatcherServlet  : Initializing Servlet ''
2023-01-20 07:55:42.063  INFO 9183 --- [           main] o.s.t.web.servlet.TestDispatcherServlet  : Completed initialization in 0 ms
2023-01-20 07:55:42.067  INFO 9183 --- [           main] c.e.h.c.HelloWorldControllerTest         : Started HelloWorldControllerTest in 0.166 seconds (JVM running for 1.558)

MockHttpServletRequest:
      HTTP Method = GET
      Request URI = /hello
       Parameters = {}
          Headers = []
             Body = null
    Session Attrs = {}

Handler:
             Type = com.example.helloworld.controller.HelloWorldController
           Method = com.example.helloworld.controller.HelloWorldController#sendGreetings()

Async:
    Async started = false
     Async result = null

Resolved Exception:
             Type = null

ModelAndView:
        View name = null
             View = null
            Model = null

FlashMap:
       Attributes = null

MockHttpServletResponse:
           Status = 200
    Error message = null
          Headers = [Content-Type:"text/plain;charset=UTF-8", Content-Length:"55"]
     Content type = text/plain;charset=UTF-8
             Body = Hello, World! Team. Happpy weekend and Happy devops!...
    Forwarded URL = null
   Redirected URL = null
          Cookies = []
]]></system-out>
  </testcase>
</testsuite>